{"/Users/ronal2do/Documents/OPEN/flashtattoo/FlashXulapaApp/App.js": {"path":"/Users/ronal2do/Documents/OPEN/flashtattoo/FlashXulapaApp/App.js","statementMap":{"0":{"start":{"line":13,"column":21},"end":{"line":18,"column":2}},"1":{"start":{"line":23,"column":4},"end":{"line":29,"column":6}},"2":{"start":{"line":33,"column":15},"end":{"line":50,"column":2}}},"fnMap":{"0":{"name":"(anonymous_0)","decl":{"start":{"line":22,"column":2},"end":{"line":22,"column":3}},"loc":{"start":{"line":22,"column":11},"end":{"line":30,"column":3}},"line":22}},"branchMap":{},"s":{"0":1,"1":3,"2":1},"f":{"0":3},"b":{},"_coverageSchema":"332fd63041d2c1bcb487cc26dd0d5f7d97098a6c","hash":"4e46f29da02aca1771effe35f910dae43d1b6fbd"}
,"/Users/ronal2do/Documents/OPEN/flashtattoo/FlashXulapaApp/config/setup-tests.js": {"path":"/Users/ronal2do/Documents/OPEN/flashtattoo/FlashXulapaApp/config/setup-tests.js","statementMap":{"0":{"start":{"line":4,"column":0},"end":{"line":4,"column":37}}},"fnMap":{},"branchMap":{},"s":{"0":2},"f":{},"b":{},"_coverageSchema":"332fd63041d2c1bcb487cc26dd0d5f7d97098a6c","hash":"a40a888ee077cdce6b2520b8e352969bb7625e39"}
,"/Users/ronal2do/Documents/OPEN/flashtattoo/FlashXulapaApp/src/components/ActionButton.js": {"path":"/Users/ronal2do/Documents/OPEN/flashtattoo/FlashXulapaApp/src/components/ActionButton.js","statementMap":{"0":{"start":{"line":12,"column":21},"end":{"line":18,"column":1}},"1":{"start":{"line":13,"column":2},"end":{"line":17,"column":21}},"2":{"start":{"line":20,"column":0},"end":{"line":23,"column":2}},"3":{"start":{"line":25,"column":15},"end":{"line":29,"column":2}}},"fnMap":{"0":{"name":"(anonymous_0)","decl":{"start":{"line":12,"column":21},"end":{"line":12,"column":22}},"loc":{"start":{"line":13,"column":2},"end":{"line":17,"column":21}},"line":13},"1":{"name":"(anonymous_1)","decl":{"start":{"line":21,"column":11},"end":{"line":21,"column":12}},"loc":{"start":{"line":21,"column":17},"end":{"line":21,"column":19}},"line":21}},"branchMap":{},"s":{"0":1,"1":2,"2":1,"3":1},"f":{"0":2,"1":0},"b":{},"_coverageSchema":"332fd63041d2c1bcb487cc26dd0d5f7d97098a6c","hash":"9a75ab24f85398d3b6408e8835fc606890ee412c"}
}
