{"/Users/ronal2do/Documents/OPEN/flashtattoo/FlashXulapaApp/App.js": {"path":"/Users/ronal2do/Documents/OPEN/flashtattoo/FlashXulapaApp/App.js","statementMap":{"0":{"start":{"line":14,"column":21},"end":{"line":19,"column":2}},"1":{"start":{"line":24,"column":4},"end":{"line":31,"column":6}},"2":{"start":{"line":35,"column":15},"end":{"line":52,"column":2}}},"fnMap":{"0":{"name":"(anonymous_0)","decl":{"start":{"line":23,"column":2},"end":{"line":23,"column":3}},"loc":{"start":{"line":23,"column":11},"end":{"line":32,"column":3}},"line":23}},"branchMap":{},"s":{"0":1,"1":1,"2":1},"f":{"0":1},"b":{},"_coverageSchema":"332fd63041d2c1bcb487cc26dd0d5f7d97098a6c","hash":"9b352404a48e713b8a4ad0f0575c038b5d1db38c"}
,"/Users/ronal2do/Documents/OPEN/flashtattoo/FlashXulapaApp/config/setup-tests.js": {"path":"/Users/ronal2do/Documents/OPEN/flashtattoo/FlashXulapaApp/config/setup-tests.js","statementMap":{"0":{"start":{"line":4,"column":0},"end":{"line":4,"column":37}}},"fnMap":{},"branchMap":{},"s":{"0":2},"f":{},"b":{},"_coverageSchema":"332fd63041d2c1bcb487cc26dd0d5f7d97098a6c","hash":"a40a888ee077cdce6b2520b8e352969bb7625e39"}
,"/Users/ronal2do/Documents/OPEN/flashtattoo/FlashXulapaApp/src/components/ActionButton.js": {"path":"/Users/ronal2do/Documents/OPEN/flashtattoo/FlashXulapaApp/src/components/ActionButton.js","statementMap":{"0":{"start":{"line":12,"column":21},"end":{"line":18,"column":1}},"1":{"start":{"line":13,"column":2},"end":{"line":17,"column":21}},"2":{"start":{"line":20,"column":0},"end":{"line":23,"column":1}},"3":{"start":{"line":25,"column":15},"end":{"line":29,"column":2}}},"fnMap":{"0":{"name":"(anonymous_0)","decl":{"start":{"line":12,"column":21},"end":{"line":12,"column":22}},"loc":{"start":{"line":13,"column":2},"end":{"line":17,"column":21}},"line":13},"1":{"name":"(anonymous_1)","decl":{"start":{"line":21,"column":11},"end":{"line":21,"column":12}},"loc":{"start":{"line":21,"column":17},"end":{"line":21,"column":19}},"line":21}},"branchMap":{},"s":{"0":2,"1":3,"2":2,"3":2},"f":{"0":3,"1":0},"b":{},"_coverageSchema":"332fd63041d2c1bcb487cc26dd0d5f7d97098a6c","hash":"726719a7a2be34042c3f4e60ca26d1c957e23072"}
}
