TN:
SF:/Users/ronal2do/Documents/OPEN/flashtattoo/FlashXulapaApp/App.js
FN:23,(anonymous_0)
FNF:1
FNH:1
FNDA:1,(anonymous_0)
DA:14,1
DA:24,1
DA:35,1
LF:3
LH:3
BRF:0
BRH:0
end_of_record
TN:
SF:/Users/ronal2do/Documents/OPEN/flashtattoo/FlashXulapaApp/config/setup-tests.js
FNF:0
FNH:0
DA:4,2
LF:1
LH:1
BRF:0
BRH:0
end_of_record
TN:
SF:/Users/ronal2do/Documents/OPEN/flashtattoo/FlashXulapaApp/src/components/ActionButton.js
FN:12,(anonymous_0)
FN:21,(anonymous_1)
FNF:2
FNH:1
FNDA:3,(anonymous_0)
FNDA:0,(anonymous_1)
DA:12,2
DA:13,3
DA:20,2
DA:25,2
LF:4
LH:4
BRF:0
BRH:0
end_of_record
