TN:
SF:/Users/ronal2do/Documents/OPEN/flashtattoo/FlashXulapaApp/App.js
FN:22,(anonymous_0)
FNF:1
FNH:1
FNDA:3,(anonymous_0)
DA:13,1
DA:23,3
DA:33,1
LF:3
LH:3
BRF:0
BRH:0
end_of_record
TN:
SF:/Users/ronal2do/Documents/OPEN/flashtattoo/FlashXulapaApp/config/setup-tests.js
FNF:0
FNH:0
DA:4,2
LF:1
LH:1
BRF:0
BRH:0
end_of_record
TN:
SF:/Users/ronal2do/Documents/OPEN/flashtattoo/FlashXulapaApp/src/components/ActionButton.js
FN:12,(anonymous_0)
FN:21,(anonymous_1)
FNF:2
FNH:1
FNDA:2,(anonymous_0)
FNDA:0,(anonymous_1)
DA:12,1
DA:13,2
DA:20,1
DA:25,1
LF:4
LH:4
BRF:0
BRH:0
end_of_record
